nohup: ignoring input
INFO flower 2022-09-22 10:12:13,908 | connection.py:102 | Opened insecure gRPC connection (no certificates were passed)
DEBUG flower 2022-09-22 10:12:13,909 | connection.py:39 | ChannelConnectivity.IDLE
DEBUG flower 2022-09-22 10:12:13,910 | connection.py:39 | ChannelConnectivity.CONNECTING
DEBUG flower 2022-09-22 10:12:13,910 | connection.py:39 | ChannelConnectivity.READY
INFO flower 2022-09-22 10:12:13,929 | connection.py:102 | Opened insecure gRPC connection (no certificates were passed)
DEBUG flower 2022-09-22 10:12:13,930 | connection.py:39 | ChannelConnectivity.IDLE
DEBUG flower 2022-09-22 10:12:13,931 | connection.py:39 | ChannelConnectivity.CONNECTING
DEBUG flower 2022-09-22 10:12:13,946 | connection.py:39 | ChannelConnectivity.READY
INFO flower 2022-09-22 10:12:13,969 | connection.py:102 | Opened insecure gRPC connection (no certificates were passed)
DEBUG flower 2022-09-22 10:12:13,970 | connection.py:39 | ChannelConnectivity.IDLE
DEBUG flower 2022-09-22 10:12:13,971 | connection.py:39 | ChannelConnectivity.CONNECTING
DEBUG flower 2022-09-22 10:12:13,971 | connection.py:39 | ChannelConnectivity.READY
DEBUG flower 2022-09-22 10:21:22,158 | connection.py:121 | gRPC channel closed
INFO flower 2022-09-22 10:21:22,159 | app.py:149 | Disconnect and shut down
number : 34, subject number : 19
number : 31, subject number : 3
number : 26, subject number : 37
number : 9, subject number : 49
number : 25, subject number : 87
number : 35, subject number : 6
number : 13, subject number : 40
number : 18, subject number : 1
number : 13, subject number : 95
number : 18, subject number : 77
number : 32, subject number : 86
number : 13, subject number : 77
number : 10, subject number : 15
number : 24, subject number : 61
number : 13, subject number : 92
number : 8, subject number : 88
number : 34, subject number : 7
number : 26, subject number : 88
number : 26, subject number : 47
number : 16, subject number : 19
number : 19, subject number : 58
number : 0, subject number : 74
number : 21, subject number : 63
number : 24, subject number : 87
number : 28, subject number : 51
number : 27, subject number : 55
number : 25, subject number : 22
number : 10, subject number : 26
number : 23, subject number : 18
number : 4, subject number : 38
number : 5, subject number : 20
number : 12, subject number : 80
number : 7, subject number : 98
number : 0, subject number : 69
number : 17, subject number : 51
number : 21, subject number : 69
number : 7, subject number : 16
number : 33, subject number : 43
number : 17, subject number : 18
number : 15, subject number : 26
number : 2, subject number : 44
number : 15, subject number : 68
number : 11, subject number : 63
number : 31, subject number : 92
number : 8, subject number : 98
number : 13, subject number : 84
number : 14, subject number : 57
number : 30, subject number : 56
number : 4, subject number : 9
number : 29, subject number : 53
number : 35, subject number : 42
number : 14, subject number : 68
number : 0, subject number : 68
number : 32, subject number : 89
number : 6, subject number : 85
number : 25, subject number : 59
number : 19, subject number : 87
number : 15, subject number : 61
number : 33, subject number : 70
number : 13, subject number : 34
number : 35, subject number : 77
number : 21, subject number : 39
number : 6, subject number : 7
number : 34, subject number : 56
number : 12, subject number : 55
number : 24, subject number : 89
number : 11, subject number : 7
number : 6, subject number : 93
number : 10, subject number : 54
number : 13, subject number : 64
number : 27, subject number : 40
number : 28, subject number : 36
number : 29, subject number : 84
number : 15, subject number : 58
number : 4, subject number : 35
number : 24, subject number : 29
number : 19, subject number : 90
number : 32, subject number : 96
number : 26, subject number : 26
number : 22, subject number : 66
number : 11, subject number : 37
number : 15, subject number : 36
number : 29, subject number : 45
number : 5, subject number : 58
number : 13, subject number : 97
number : 32, subject number : 92
number : 34, subject number : 57
number : 21, subject number : 23
number : 18, subject number : 66
number : 16, subject number : 86
number : 18, subject number : 8
number : 21, subject number : 44
number : 4, subject number : 56
number : 35, subject number : 54
number : 10, subject number : 17
number : 7, subject number : 40
number : 12, subject number : 45
number : 28, subject number : 18
number : 27, subject number : 57
number : 16, subject number : 70
number : 32, subject number : 55
number : 6, subject number : 74
number : 23, subject number : 98
number : 23, subject number : 45
number : 16, subject number : 58
number : 0, subject number : 32
number : 24, subject number : 26
number : 19, subject number : 71
number : 3, subject number : 94
number : 2, subject number : 13
number : 35, subject number : 0
number : 18, subject number : 41
number : 23, subject number : 1
number : 7, subject number : 12
number : 9, subject number : 92
number : 27, subject number : 21
number : 27, subject number : 10
number : 10, subject number : 31
number : 35, subject number : 50
number : 15, subject number : 21
number : 8, subject number : 87
number : 5, subject number : 5
number : 35, subject number : 8
number : 2, subject number : 99
number : 22, subject number : 39
number : 21, subject number : 66
number : 13, subject number : 5
number : 15, subject number : 66
number : 7, subject number : 82
number : 2, subject number : 73
number : 30, subject number : 82
number : 5, subject number : 66
number : 14, subject number : 62
number : 11, subject number : 3
number : 11, subject number : 71
number : 14, subject number : 27
number : 25, subject number : 81
number : 8, subject number : 96
number : 14, subject number : 11
number : 24, subject number : 64
number : 32, subject number : 89
number : 20, subject number : 13
number : 4, subject number : 97
number : 33, subject number : 13
number : 20, subject number : 19
number : 6, subject number : 74
number : 32, subject number : 95
number : 16, subject number : 98
number : 1, subject number : 44
number : 3, subject number : 6
number : 10, subject number : 55
number : 23, subject number : 88
number : 33, subject number : 6
number : 19, subject number : 85
number : 2, subject number : 29
number : 14, subject number : 67
number : 29, subject number : 57
number : 17, subject number : 63
number : 2, subject number : 2
number : 12, subject number : 70
number : 16, subject number : 90
number : 25, subject number : 95
number : 32, subject number : 81
number : 2, subject number : 81
number : 3, subject number : 18
number : 2, subject number : 96
number : 17, subject number : 70
number : 10, subject number : 93
number : 11, subject number : 1
number : 21, subject number : 13
number : 28, subject number : 57
number : 13, subject number : 31
number : 33, subject number : 41
number : 3, subject number : 27
number : 30, subject number : 95
number : 6, subject number : 14
number : 1, subject number : 22
number : 1, subject number : 1
number : 23, subject number : 67
number : 24, subject number : 87
number : 10, subject number : 53
number : 10, subject number : 54
number : 0, subject number : 82
number : 25, subject number : 82
number : 24, subject number : 17
number : 18, subject number : 95
number : 31, subject number : 97
number : 20, subject number : 87
number : 17, subject number : 8
number : 8, subject number : 58
number : 4, subject number : 41
number : 2, subject number : 18
number : 4, subject number : 11
number : 19, subject number : 10
number : 4, subject number : 13
number : 20, subject number : 18
number : 18, subject number : 79
number : 11, subject number : 88
DEBUG flower 2022-09-22 10:21:22,162 | connection.py:121 | gRPC channel closed
INFO flower 2022-09-22 10:21:22,162 | app.py:149 | Disconnect and shut down
number : 17, subject number : 87
number : 12, subject number : 12
number : 1, subject number : 20
number : 28, subject number : 31
number : 20, subject number : 23
number : 24, subject number : 95
number : 4, subject number : 78
number : 25, subject number : 44
number : 13, subject number : 63
number : 33, subject number : 88
number : 4, subject number : 95
number : 28, subject number : 19
number : 20, subject number : 70
number : 8, subject number : 50
number : 2, subject number : 37
number : 7, subject number : 26
number : 28, subject number : 86
number : 14, subject number : 17
number : 7, subject number : 11
number : 13, subject number : 75
number : 33, subject number : 57
number : 9, subject number : 66
number : 0, subject number : 69
number : 6, subject number : 75
number : 1, subject number : 63
number : 31, subject number : 54
number : 31, subject number : 95
number : 4, subject number : 18
number : 17, subject number : 65
number : 30, subject number : 27
number : 13, subject number : 38
number : 30, subject number : 1
number : 14, subject number : 76
number : 35, subject number : 54
number : 24, subject number : 27
number : 12, subject number : 18
number : 26, subject number : 94
number : 28, subject number : 68
number : 34, subject number : 52
number : 22, subject number : 85
number : 3, subject number : 11
number : 28, subject number : 2
number : 0, subject number : 13
number : 27, subject number : 55
number : 28, subject number : 72
number : 34, subject number : 53
number : 4, subject number : 53
number : 6, subject number : 62
number : 7, subject number : 62
number : 17, subject number : 52
number : 3, subject number : 30
number : 14, subject number : 18
number : 1, subject number : 66
number : 32, subject number : 26
number : 22, subject number : 5
number : 9, subject number : 98
number : 7, subject number : 50
number : 5, subject number : 35
number : 11, subject number : 30
number : 22, subject number : 1
number : 21, subject number : 79
number : 18, subject number : 68
number : 9, subject number : 61
number : 34, subject number : 4
number : 25, subject number : 67
number : 30, subject number : 91
number : 6, subject number : 30
number : 3, subject number : 83
number : 23, subject number : 93
number : 5, subject number : 96
number : 21, subject number : 62
number : 12, subject number : 93
number : 1, subject number : 73
number : 23, subject number : 69
number : 21, subject number : 10
number : 15, subject number : 13
number : 19, subject number : 21
number : 25, subject number : 58
number : 30, subject number : 61
number : 3, subject number : 93
number : 26, subject number : 47
number : 18, subject number : 89
number : 24, subject number : 75
number : 32, subject number : 5
number : 24, subject number : 79
number : 14, subject number : 72
number : 19, subject number : 50
number : 6, subject number : 47
number : 3, subject number : 50
number : 17, subject number : 43
number : 30, subject number : 60
number : 13, subject number : 87
number : 0, subject number : 45
number : 7, subject number : 81
number : 5, subject number : 25
number : 20, subject number : 31
number : 25, subject number : 23
number : 14, subject number : 60
number : 31, subject number : 96
number : 32, subject number : 44
number : 23, subject number : 32
number : 23, subject number : 31
number : 16, subject number : 79
number : 26, subject number : 66
number : 0, subject number : 54
number : 34, subject number : 0
number : 2, subject number : 12
number : 15, subject number : 87
number : 19, subject number : 31
number : 29, subject number : 73
number : 25, subject number : 41
number : 6, subject number : 20
number : 31, subject number : 76
number : 14, subject number : 82
number : 8, subject number : 24
number : 31, subject number : 86
number : 9, subject number : 16
number : 30, subject number : 82
number : 14, subject number : 41
number : 7, subject number : 48
number : 7, subject number : 20
number : 32, subject number : 78
number : 5, subject number : 72
number : 4, subject number : 39
number : 10, subject number : 27
number : 17, subject number : 66
number : 21, subject number : 94
number : 11, subject number : 31
number : 30, subject number : 8
number : 9, subject number : 51
number : 12, subject number : 76
number : 20, subject number : 86
number : 12, subject number : 76
number : 35, subject number : 90
number : 1, subject number : 19
number : 16, subject number : 31
number : 11, subject number : 72
number : 33, subject number : 27
number : 2, subject number : 30
number : 21, subject number : 98
number : 22, subject number : 29
number : 1, subject number : 13
number : 16, subject number : 25
number : 6, subject number : 55
number : 19, subject number : 99
number : 26, subject number : 46
number : 31, subject number : 58
number : 22, subject number : 98
number : 17, subject number : 48
number : 24, subject number : 15
number : 7, subject number : 65
number : 26, subject number : 72
number : 14, subject number : 62
number : 27, subject number : 23
number : 5, subject number : 35
number : 22, subject number : 37
number : 0, subject number : 42
number : 11, subject number : 43
number : 11, subject number : 86
number : 31, subject number : 78
number : 34, subject number : 16
number : 7, subject number : 20
number : 31, subject number : 33
number : 4, subject number : 88
number : 11, subject number : 26
number : 27, subject number : 20
number : 19, subject number : 90
number : 30, subject number : 76
number : 6, subject number : 84
number : 31, subject number : 57
number : 29, subject number : 54
number : 10, subject number : 45
number : 7, subject number : 36
number : 34, subject number : 21
number : 13, subject number : 63
number : 12, subject number : 24
number : 29, subject number : 28
number : 26, subject number : 43
number : 34, subject number : 38
number : 2, subject number : 83
number : 9, subject number : 18
number : 8, subject number : 44
number : 33, subject number : 41
number : 14, subject number : 96
number : 31, subject number : 91
number : 7, subject number : 59
number : 9, subject number : 74
number : 5, subject number : 11
number : 24, subject number : 2
number : 28, subject number : 39
number : 27, subject number : 54
number : 25, subject number : 65
number : 8, subject number : 83
number : 12, subject number : 54
number : 6, subject number : 11
number : 7, subject number : 72
number : 26, subject number : 78
number : 29, subject number : 27
DEBUG flower 2022-09-22 10:21:22,165 | connection.py:121 | gRPC channel closed
INFO flower 2022-09-22 10:21:22,165 | app.py:149 | Disconnect and shut down
number : 25, subject number : 15
number : 25, subject number : 90
number : 13, subject number : 84
number : 26, subject number : 84
number : 7, subject number : 15
number : 12, subject number : 42
number : 20, subject number : 60
number : 6, subject number : 47
number : 19, subject number : 0
number : 12, subject number : 19
number : 10, subject number : 85
number : 13, subject number : 70
number : 29, subject number : 76
number : 13, subject number : 97
number : 8, subject number : 37
number : 23, subject number : 60
number : 18, subject number : 31
number : 7, subject number : 38
number : 1, subject number : 99
number : 5, subject number : 70
number : 21, subject number : 75
number : 12, subject number : 3
number : 32, subject number : 80
number : 33, subject number : 44
number : 14, subject number : 43
number : 15, subject number : 93
number : 2, subject number : 27
number : 14, subject number : 92
number : 4, subject number : 20
number : 7, subject number : 7
number : 4, subject number : 21
number : 5, subject number : 28
number : 31, subject number : 20
number : 8, subject number : 71
number : 0, subject number : 13
number : 29, subject number : 23
number : 11, subject number : 72
number : 27, subject number : 32
number : 30, subject number : 4
number : 13, subject number : 33
number : 28, subject number : 68
number : 29, subject number : 33
number : 4, subject number : 22
number : 11, subject number : 34
number : 20, subject number : 14
number : 18, subject number : 10
number : 29, subject number : 8
number : 6, subject number : 73
number : 5, subject number : 66
number : 13, subject number : 67
number : 3, subject number : 68
number : 1, subject number : 61
number : 23, subject number : 15
number : 18, subject number : 83
number : 21, subject number : 24
number : 26, subject number : 94
number : 24, subject number : 79
number : 23, subject number : 23
number : 5, subject number : 46
number : 29, subject number : 35
number : 18, subject number : 23
number : 1, subject number : 90
number : 14, subject number : 41
number : 13, subject number : 60
number : 10, subject number : 85
number : 28, subject number : 27
number : 25, subject number : 24
number : 21, subject number : 72
number : 33, subject number : 13
number : 24, subject number : 48
number : 26, subject number : 69
number : 3, subject number : 10
number : 24, subject number : 56
number : 12, subject number : 81
number : 0, subject number : 9
number : 6, subject number : 77
number : 35, subject number : 2
number : 4, subject number : 67
number : 26, subject number : 84
number : 28, subject number : 77
number : 35, subject number : 95
number : 8, subject number : 22
number : 15, subject number : 72
number : 31, subject number : 7
number : 27, subject number : 19
number : 8, subject number : 79
number : 22, subject number : 74
number : 7, subject number : 78
number : 22, subject number : 23
number : 15, subject number : 96
number : 5, subject number : 66
number : 20, subject number : 50
number : 17, subject number : 70
number : 34, subject number : 7
number : 33, subject number : 34
number : 24, subject number : 52
number : 25, subject number : 59
number : 16, subject number : 56
number : 33, subject number : 36
number : 29, subject number : 1
number : 29, subject number : 92
number : 13, subject number : 57
number : 9, subject number : 53
number : 11, subject number : 24
number : 9, subject number : 86
number : 16, subject number : 24
number : 9, subject number : 8
number : 14, subject number : 31
number : 4, subject number : 32
number : 25, subject number : 91
number : 2, subject number : 69
number : 9, subject number : 1
number : 32, subject number : 93
number : 1, subject number : 98
number : 18, subject number : 50
number : 19, subject number : 43
number : 11, subject number : 58
number : 27, subject number : 51
number : 27, subject number : 1
number : 19, subject number : 70
number : 7, subject number : 82
number : 19, subject number : 86
number : 21, subject number : 71
number : 32, subject number : 22
number : 27, subject number : 53
number : 13, subject number : 61
number : 7, subject number : 7
number : 31, subject number : 97
number : 27, subject number : 71
number : 28, subject number : 96
number : 20, subject number : 61
number : 26, subject number : 77
number : 0, subject number : 64
number : 28, subject number : 51
number : 18, subject number : 78
number : 14, subject number : 62
number : 16, subject number : 0
number : 6, subject number : 75
number : 6, subject number : 73
number : 24, subject number : 62
number : 10, subject number : 20
number : 17, subject number : 95
number : 10, subject number : 39
number : 3, subject number : 77
number : 28, subject number : 92
number : 26, subject number : 7
number : 3, subject number : 13
number : 25, subject number : 87
number : 4, subject number : 48
number : 29, subject number : 10
number : 13, subject number : 28
number : 22, subject number : 36
number : 3, subject number : 99
number : 25, subject number : 96
number : 1, subject number : 82
number : 13, subject number : 58
number : 6, subject number : 67
number : 23, subject number : 97
number : 33, subject number : 78
number : 31, subject number : 13
number : 0, subject number : 58
number : 21, subject number : 7
number : 5, subject number : 74
number : 14, subject number : 34
number : 30, subject number : 74
number : 31, subject number : 6
number : 31, subject number : 46
number : 30, subject number : 97
number : 5, subject number : 15
number : 25, subject number : 80
number : 11, subject number : 47
number : 15, subject number : 52
number : 33, subject number : 37
number : 33, subject number : 66
number : 27, subject number : 80
number : 9, subject number : 82
number : 2, subject number : 26
number : 31, subject number : 57
number : 25, subject number : 89
number : 33, subject number : 60
number : 8, subject number : 68
number : 24, subject number : 39
number : 6, subject number : 57
number : 26, subject number : 0
number : 4, subject number : 60
number : 3, subject number : 80
number : 18, subject number : 88
number : 22, subject number : 15
number : 4, subject number : 10
number : 11, subject number : 69
number : 31, subject number : 63
number : 25, subject number : 65
number : 34, subject number : 58
number : 5, subject number : 44
number : 6, subject number : 86
number : 31, subject number : 82
number : 0, subject number : 98
number : 31, subject number : 23
number : 25, subject number : 99
